<?xml version="1.0" encoding="UTF-8"?>
<!-- Generated by org.testng.reporters.JUnitReportReporter -->
<testsuite hostname="Abhijit-PC" name="com.avactis.test.integration.tests.testListener" tests="1" failures="0" timestamp="18 Aug 2018 19:18:02 GMT" time="33.169" errors="0">
  <testcase name="test" time="33.169" classname="com.avactis.test.integration.tests.testListener"/>
</testsuite> <!-- com.avactis.test.integration.tests.testListener -->
