<?xml version="1.0" encoding="UTF-8"?>
<!-- Generated by org.testng.reporters.JUnitReportReporter -->
<testsuite hostname="Abhijit-PC" name="com.avactis.test.integration.tests.testAvactis" tests="3" failures="0" timestamp="26 Aug 2018 06:25:25 GMT" time="54.688" errors="0">
  <testcase name="testProductPurchase" time="3.153" classname="com.avactis.test.integration.tests.testAvactis"/>
  <testcase name="testProductPurchase" time="6.245" classname="com.avactis.test.integration.tests.testAvactis"/>
  <testcase name="testStoreSignIn" time="45.290" classname="com.avactis.test.integration.tests.testAvactis"/>
</testsuite> <!-- com.avactis.test.integration.tests.testAvactis -->
