<?xml version="1.0" encoding="UTF-8"?>
<!-- Generated by org.testng.reporters.JUnitReportReporter -->
<testsuite hostname="Abhijit-PC" name="com.avactis.test.integration.tests.TestSingleProductUsingMenu" tests="4" failures="0" timestamp="25 Aug 2018 08:37:27 GMT" time="259.354" errors="0">
  <testcase name="dummyTest1" time="0.017" classname="com.avactis.test.integration.tests.TestSingleProductUsingMenu"/>
  <testcase name="testProductPurchase" time="215.857" classname="com.avactis.test.integration.tests.TestSingleProductUsingMenu"/>
  <testcase name="testStoreSignIn" time="25.706" classname="com.avactis.test.integration.tests.TestSingleProductUsingMenu"/>
  <testcase name="testOrderVerficationByAdminUser" time="17.774" classname="com.avactis.test.integration.tests.TestSingleProductUsingMenu"/>
</testsuite> <!-- com.avactis.test.integration.tests.TestSingleProductUsingMenu -->
